<?xml version="1.0" encoding="UTF-8"?>
<testng-results skipped="0" failed="0" ignored="0" total="1" passed="1">
  <reporter-output>
  </reporter-output>
  <suite name="Default suite" duration-ms="2569" started-at="2020-10-12T23:42:38 CEST" finished-at="2020-10-12T23:42:40 CEST">
    <groups>
      <group name="cucumber">
        <method signature="AbstractTestNGCucumberTests.feature(cucumber.api.testng.CucumberFeatureWrapper)[pri:0, instance:com.app.cucumber.ejecutor@1fc5fb8]" name="feature" class="cucumber.api.testng.AbstractTestNGCucumberTests"/>
      </group> <!-- cucumber -->
    </groups>
    <test name="Default test" duration-ms="2569" started-at="2020-10-12T23:42:38 CEST" finished-at="2020-10-12T23:42:40 CEST">
      <class name="com.app.cucumber.ejecutor">
        <test-method status="PASS" signature="setUpClass()[pri:0, instance:com.app.cucumber.ejecutor@1fc5fb8]" name="setUpClass" is-config="true" duration-ms="190" started-at="2020-10-12T23:42:38 CEST" finished-at="2020-10-12T23:42:38 CEST">
          <reporter-output>
          </reporter-output>
        </test-method> <!-- setUpClass -->
        <test-method status="PASS" signature="feature(cucumber.api.testng.CucumberFeatureWrapper)[pri:0, instance:com.app.cucumber.ejecutor@1fc5fb8]" name="feature" duration-ms="2299" started-at="2020-10-12T23:42:38 CEST" description="Runs Cucumber Feature" data-provider="features" finished-at="2020-10-12T23:42:40 CEST">
          <params>
            <param index="0">
              <value>
                <![CDATA[gestionTarea]]>
              </value>
            </param>
          </params>
          <reporter-output>
          </reporter-output>
        </test-method> <!-- feature -->
        <test-method status="PASS" signature="tearDownClass()[pri:0, instance:com.app.cucumber.ejecutor@1fc5fb8]" name="tearDownClass" is-config="true" duration-ms="5" started-at="2020-10-12T23:42:40 CEST" finished-at="2020-10-12T23:42:40 CEST">
          <reporter-output>
          </reporter-output>
        </test-method> <!-- tearDownClass -->
      </class> <!-- com.app.cucumber.ejecutor -->
    </test> <!-- Default test -->
  </suite> <!-- Default suite -->
</testng-results>
